This is pdfTeX, Version 3.14159265-2.6-1.40.19 (MiKTeX 2.9.6800 64-bit) (preloaded format=pdflatex 2018.9.13)  12 OCT 2018 00:55
entering extended mode
**./XXX_Thesis.tex
(XXX_Thesis.tex
LaTeX2e <2018-04-01> patch level 5
(ESM_Latex2e_style.cls
Document Class: ESM_Latex2e_style 2016/07/15
Document Class 'ESM_Latex2e_style' v1.0 <2016-07-15>
(c) by Professionship of Environmental Sensing and Modeling, TU-Munich
("C:\Users\eozba\AppData\Local\Programs\MiKTeX 2.9\tex\latex\base\inputenc.sty"
Package: inputenc 2018/04/06 v1.3b Input encoding file
\inpenc@prehook=\toks14
\inpenc@posthook=\toks15
("C:\Users\eozba\AppData\Local\Programs\MiKTeX 2.9\tex\latex\base\latin1.def"
File: latin1.def 2018/04/06 v1.3b Input encoding file
)) ("C:\Users\eozba\AppData\Local\Programs\MiKTeX 2.9\tex\latex\base\fontenc.st
y"
Package: fontenc 2017/04/05 v2.0i Standard LaTeX package
("C:\Users\eozba\AppData\Local\Programs\MiKTeX 2.9\tex\latex\base\t1enc.def"
File: t1enc.def 2017/04/05 v2.0i Standard LaTeX file
LaTeX Font Info:    Redeclaring font encoding T1 on input line 48.
))
("C:\Users\eozba\AppData\Local\Programs\MiKTeX 2.9\tex\latex\graphics\graphicx.
sty"
Package: graphicx 2017/06/01 v1.1a Enhanced LaTeX Graphics (DPC,SPQR)

("C:\Users\eozba\AppData\Local\Programs\MiKTeX 2.9\tex\latex\graphics\keyval.st
y"
Package: keyval 2014/10/28 v1.15 key=value parser (DPC)
\KV@toks@=\toks16
)
("C:\Users\eozba\AppData\Local\Programs\MiKTeX 2.9\tex\latex\graphics\graphics.
sty"
Package: graphics 2017/06/25 v1.2c Standard LaTeX Graphics (DPC,SPQR)

("C:\Users\eozba\AppData\Local\Programs\MiKTeX 2.9\tex\latex\graphics\trig.sty"
Package: trig 2016/01/03 v1.10 sin cos tan (DPC)
)
("C:\Users\eozba\AppData\Local\Programs\MiKTeX 2.9\tex\latex\graphics-cfg\graph
ics.cfg"
File: graphics.cfg 2016/06/04 v1.11 sample graphics configuration
)
Package graphics Info: Driver file: pdftex.def on input line 99.

("C:\Users\eozba\AppData\Local\Programs\MiKTeX 2.9\tex\latex\graphics-def\pdfte
x.def"
File: pdftex.def 2018/01/08 v1.0l Graphics/color driver for pdftex
))
\Gin@req@height=\dimen102
\Gin@req@width=\dimen103
)
("C:\Users\eozba\AppData\Local\Programs\MiKTeX 2.9\tex\latex\oberdiek\epstopdf.
sty"
Package: epstopdf 2016/05/15 v2.6 Conversion with epstopdf on the fly (HO)

("C:\Users\eozba\AppData\Local\Programs\MiKTeX 2.9\tex\latex\oberdiek\epstopdf-
base.sty"
Package: epstopdf-base 2016/05/15 v2.6 Base part for package epstopdf

("C:\Users\eozba\AppData\Local\Programs\MiKTeX 2.9\tex\generic\oberdiek\infware
rr.sty"
Package: infwarerr 2016/05/16 v1.4 Providing info/warning/error messages (HO)
)
("C:\Users\eozba\AppData\Local\Programs\MiKTeX 2.9\tex\latex\oberdiek\grfext.st
y"
Package: grfext 2016/05/16 v1.2 Manage graphics extensions (HO)

("C:\Users\eozba\AppData\Local\Programs\MiKTeX 2.9\tex\generic\oberdiek\kvdefin
ekeys.sty"
Package: kvdefinekeys 2016/05/16 v1.4 Define keys (HO)

("C:\Users\eozba\AppData\Local\Programs\MiKTeX 2.9\tex\generic\oberdiek\ltxcmds
.sty"
Package: ltxcmds 2016/05/16 v1.23 LaTeX kernel commands for general use (HO)
)))
("C:\Users\eozba\AppData\Local\Programs\MiKTeX 2.9\tex\latex\oberdiek\kvoptions
.sty"
Package: kvoptions 2016/05/16 v3.12 Key value format for package options (HO)

("C:\Users\eozba\AppData\Local\Programs\MiKTeX 2.9\tex\generic\oberdiek\kvsetke
ys.sty"
Package: kvsetkeys 2016/05/16 v1.17 Key value parser (HO)

("C:\Users\eozba\AppData\Local\Programs\MiKTeX 2.9\tex\generic\oberdiek\etexcmd
s.sty"
Package: etexcmds 2016/05/16 v1.6 Avoid name clashes with e-TeX commands (HO)

("C:\Users\eozba\AppData\Local\Programs\MiKTeX 2.9\tex\generic\oberdiek\ifluate
x.sty"
Package: ifluatex 2016/05/16 v1.4 Provides the ifluatex switch (HO)
Package ifluatex Info: LuaTeX not detected.
)
Package etexcmds Info: Could not find \expanded.
(etexcmds)             That can mean that you are not using pdfTeX 1.50 or
(etexcmds)             that some package has redefined \expanded.
(etexcmds)             In the latter case, load this package earlier.
)))
("C:\Users\eozba\AppData\Local\Programs\MiKTeX 2.9\tex\generic\oberdiek\pdftexc
mds.sty"
Package: pdftexcmds 2018/09/07 v0.28 Utility functions of pdfTeX for LuaTeX (HO
)

("C:\Users\eozba\AppData\Local\Programs\MiKTeX 2.9\tex\generic\oberdiek\ifpdf.s
ty"
Package: ifpdf 2018/09/07 v3.3 Provides the ifpdf switch
)
Package pdftexcmds Info: LuaTeX not detected.
Package pdftexcmds Info: \pdf@primitive is available.
Package pdftexcmds Info: \pdf@ifprimitive is available.
Package pdftexcmds Info: \pdfdraftmode found.
)
Package epstopdf-base Info: Redefining graphics rule for `.eps' on input line 4
38.
Package grfext Info: Graphics extension search list:
(grfext)             [.pdf,.png,.jpg,.mps,.jpeg,.jbig2,.jb2,.PDF,.PNG,.JPG,.JPE
G,.JBIG2,.JB2,.eps]
(grfext)             \AppendGraphicsExtensions on input line 456.
))
("C:\Users\eozba\AppData\Local\Programs\MiKTeX 2.9\tex\latex\psnfss\times.sty"
Package: times 2005/04/12 PSNFSS-v9.2a (SPQR) 
) ("C:\Users\eozba\AppData\Local\Programs\MiKTeX 2.9\tex\latex\base\makeidx.sty
"
Package: makeidx 2014/09/29 v1.0m Standard LaTeX package
)
("C:\Users\eozba\AppData\Local\Programs\MiKTeX 2.9\tex\latex\graphics\color.sty
"
Package: color 2016/07/10 v1.1e Standard LaTeX Color (DPC)

("C:\Users\eozba\AppData\Local\Programs\MiKTeX 2.9\tex\latex\graphics-cfg\color
.cfg"
File: color.cfg 2016/01/02 v1.6 sample color configuration
)
Package color Info: Driver file: pdftex.def on input line 147.
)
("C:\Users\eozba\AppData\Local\Programs\MiKTeX 2.9\tex\latex\supertabular\super
tabular.sty"
Package: supertabular 2004/02/20 v4.1e the supertabular environment
\c@tracingst=\count80
\ST@wd=\dimen104
\ST@rightskip=\skip41
\ST@leftskip=\skip42
\ST@parfillskip=\skip43
\ST@pageleft=\dimen105
\ST@headht=\dimen106
\ST@tailht=\dimen107
\ST@pagesofar=\dimen108
\ST@pboxht=\dimen109
\ST@lineht=\dimen110
\ST@stretchht=\dimen111
\ST@prevht=\dimen112
\ST@toadd=\dimen113
\ST@dimen=\dimen114
\ST@pbox=\box26
)
("C:\Users\eozba\AppData\Local\Programs\MiKTeX 2.9\tex\latex\graphics\rotating.
sty"
Package: rotating 2016/08/11 v2.16d rotated objects in LaTeX

("C:\Users\eozba\AppData\Local\Programs\MiKTeX 2.9\tex\latex\base\ifthen.sty"
Package: ifthen 2014/09/29 v1.1c Standard LaTeX ifthen package (DPC)
)
\c@r@tfl@t=\count81
\rotFPtop=\skip44
\rotFPbot=\skip45
\rot@float@box=\box27
\rot@mess@toks=\toks17
) ("C:\Users\eozba\AppData\Local\Programs\MiKTeX 2.9\tex\latex\float\float.sty"
Package: float 2001/11/08 v1.3d Float enhancements (AL)
\c@float@type=\count82
\float@exts=\toks18
\float@box=\box28
\@float@everytoks=\toks19
\@floatcapt=\box29
)
("C:\Users\eozba\AppData\Local\Programs\MiKTeX 2.9\tex\latex\textcase\textcase.
sty"
Package: textcase 2004/10/07 v0.07 Text only upper/lower case changing (DPC)
)
("C:\Users\eozba\AppData\Local\Programs\MiKTeX 2.9\tex\latex\base\fleqn.clo"
File: fleqn.clo 2016/12/29 v1.2a Standard LaTeX option (flush left equations)
\mathindent=\dimen115
Applying: [2015/01/01] Make \[ robust on input line 50.
LaTeX Info: Redefining \[ on input line 51.
Already applied: [0000/00/00] Make \[ robust on input line 62.
Applying: [2015/01/01] Make \] robust on input line 74.
LaTeX Info: Redefining \] on input line 75.
Already applied: [0000/00/00] Make \] robust on input line 83.
)
("C:\Users\eozba\AppData\Local\Programs\MiKTeX 2.9\tex\generic\babel\babel.sty"
Package: babel 2018/09/02 3.23 The Babel package
("C:\Users\eozba\AppData\Local\Programs\MiKTeX 2.9\tex\generic\babel\switch.def
"
File: switch.def 2018/09/02 3.23 Babel switching mechanism
)
*************************************
* Local config file bblopts.cfg used
*
("C:\Users\eozba\AppData\Local\Programs\MiKTeX 2.9\tex\latex\arabi\bblopts.cfg"
File: bblopts.cfg 2005/09/08 v0.1 add Arabic and Farsi to "declared" options of
 babel
)
("C:\Users\eozba\AppData\Local\Programs\MiKTeX 2.9\tex\latex\babel-english\engl
ish.ldf"
Language: english 2017/06/06 v3.3r English support from the babel system

("C:\Users\eozba\AppData\Local\Programs\MiKTeX 2.9\tex\generic\babel\babel.def"
File: babel.def 2018/09/02 3.23 Babel common definitions
\babel@savecnt=\count83
\U@D=\dimen116

("C:\Users\eozba\AppData\Local\Programs\MiKTeX 2.9\tex\generic\babel\txtbabel.d
ef")
\bbl@dirlevel=\count84
)
\l@canadian = a dialect from \language\l@american 
\l@australian = a dialect from \language\l@british 
\l@newzealand = a dialect from \language\l@british 
))
\majorheadskip=\skip46
\c@part=\count85
\c@chapter=\count86
\c@section=\count87
\c@subsection=\count88
\c@subsubsection=\count89
\c@paragraph=\count90
\c@subparagraph=\count91
\abovecaptionskip=\skip47
\belowcaptionskip=\skip48
\c@figure=\count92
\c@table=\count93
\bibindent=\dimen117
\@indexfile=\write3
\openout3 = `XXX_Thesis.idx'.


Writing index file XXX_Thesis.idx
)
("C:\Users\eozba\AppData\Local\Programs\MiKTeX 2.9\tex\latex\pdfpages\pdfpages.
sty"
Package: pdfpages 2017/10/31 v0.5l Insert pages of external PDF documents (AM)
 ("C:\Users\eozba\AppData\Local\Programs\MiKTeX 2.9\tex\latex\tools\calc.sty"
Package: calc 2017/05/25 v4.3 Infix arithmetic (KKT,FJ)
\calc@Acount=\count94
\calc@Bcount=\count95
\calc@Adimen=\dimen118
\calc@Bdimen=\dimen119
\calc@Askip=\skip49
\calc@Bskip=\skip50
LaTeX Info: Redefining \setlength on input line 80.
LaTeX Info: Redefining \addtolength on input line 81.
\calc@Ccount=\count96
\calc@Cskip=\skip51
)
("C:\Users\eozba\AppData\Local\Programs\MiKTeX 2.9\tex\latex\eso-pic\eso-pic.st
y"
Package: eso-pic 2018/04/12 v2.0h eso-pic (RN)

("C:\Users\eozba\AppData\Local\Programs\MiKTeX 2.9\tex\generic\oberdiek\atbegsh
i.sty"
Package: atbegshi 2016/06/09 v1.18 At begin shipout hook (HO)
))
\AM@pagewidth=\dimen120
\AM@pageheight=\dimen121

("C:\Users\eozba\AppData\Local\Programs\MiKTeX 2.9\tex\latex\pdfpages\pppdftex.
def"
File: pppdftex.def 2017/10/31 v0.5l Pdfpages driver for pdfTeX (AM)
)
\AM@pagebox=\box30
\AM@global@opts=\toks20
\AM@toc@title=\toks21
\c@AM@survey=\count97
\AM@templatesizebox=\box31
)
("C:\Users\eozba\AppData\Local\Programs\MiKTeX 2.9\tex\latex\blindtext\blindtex
t.sty"
Package: blindtext 2012/01/06 V2.0 blindtext-Package

("C:\Users\eozba\AppData\Local\Programs\MiKTeX 2.9\tex\latex\tools\xspace.sty"
Package: xspace 2014/10/28 v1.13 Space after command names (DPC,MH)
)
\c@blindtext=\count98
\c@Blindtext=\count99
\c@blind@countparstart=\count100
\blind@countxx=\count101
\blindtext@numBlindtext=\count102
\blind@countyy=\count103
\c@blindlist=\count104
\c@blindlistlevel=\count105
\c@blindlist@level=\count106
\blind@listitem=\count107
\c@blind@listcount=\count108
\c@blind@levelcount=\count109
\blind@mathformula=\count110
\blind@Mathformula=\count111
\c@blind@randomcount=\count112
\c@blind@randommax=\count113
\c@blind@pangramcount=\count114
\c@blind@pangrammax=\count115
)
("C:\Users\eozba\AppData\Local\Programs\MiKTeX 2.9\tex\latex\listings\listings.
sty"
\lst@mode=\count116
\lst@gtempboxa=\box32
\lst@token=\toks22
\lst@length=\count117
\lst@currlwidth=\dimen122
\lst@column=\count118
\lst@pos=\count119
\lst@lostspace=\dimen123
\lst@width=\dimen124
\lst@newlines=\count120
\lst@lineno=\count121
\lst@maxwidth=\dimen125

("C:\Users\eozba\AppData\Local\Programs\MiKTeX 2.9\tex\latex\listings\lstmisc.s
ty"
File: lstmisc.sty 2018/09/02 1.7 (Carsten Heinz)
\c@lstnumber=\count122
\lst@skipnumbers=\count123
\lst@framebox=\box33
)
("C:\Users\eozba\AppData\Local\Programs\MiKTeX 2.9\tex\latex\listings\listings.
cfg"
File: listings.cfg 2018/09/02 1.7 listings configuration
))
Package: listings 2018/09/02 1.7 (Carsten Heinz)

("C:\Users\eozba\AppData\Local\Programs\MiKTeX 2.9\tex\latex\listings\lstlang1.
sty"
File: lstlang1.sty 2018/09/02 1.7 listings language file
)
("C:\Users\eozba\AppData\Local\Programs\MiKTeX 2.9\tex\latex\caption\caption.st
y"
Package: caption 2018/05/01 v3.3-147 Customizing captions (AR)

("C:\Users\eozba\AppData\Local\Programs\MiKTeX 2.9\tex\latex\caption\caption3.s
ty"
Package: caption3 2018/05/27 v1.8a caption3 kernel (AR)
Package caption3 Info: TeX engine: e-TeX on input line 64.
\captionmargin=\dimen126
\captionmargin@=\dimen127
\captionwidth=\dimen128
\caption@tempdima=\dimen129
\caption@indent=\dimen130
\caption@parindent=\dimen131
\caption@hangindent=\dimen132
)
\c@ContinuedFloat=\count124
Package caption Info: float package is loaded.
Package caption Info: listings package is loaded.
Package caption Info: rotating package is loaded.
Package caption Info: supertabular package is loaded.
) (XXX_Thesis.aux)
\openout1 = `XXX_Thesis.aux'.

LaTeX Font Info:    Checking defaults for OML/cmm/m/it on input line 124.
LaTeX Font Info:    ... okay on input line 124.
LaTeX Font Info:    Checking defaults for T1/cmr/m/n on input line 124.
LaTeX Font Info:    ... okay on input line 124.
LaTeX Font Info:    Checking defaults for OT1/cmr/m/n on input line 124.
LaTeX Font Info:    ... okay on input line 124.
LaTeX Font Info:    Checking defaults for OMS/cmsy/m/n on input line 124.
LaTeX Font Info:    ... okay on input line 124.
LaTeX Font Info:    Checking defaults for OMX/cmex/m/n on input line 124.
LaTeX Font Info:    ... okay on input line 124.
LaTeX Font Info:    Checking defaults for U/cmr/m/n on input line 124.
LaTeX Font Info:    ... okay on input line 124.
LaTeX Font Info:    Try loading font information for T1+ptm on input line 124.

("C:\Users\eozba\AppData\Local\Programs\MiKTeX 2.9\tex\latex\psnfss\t1ptm.fd"
File: t1ptm.fd 2001/06/04 font definitions for T1/ptm.
)
("C:\Users\eozba\AppData\Local\Programs\MiKTeX 2.9\tex\context\base\supp-pdf.mk
ii"
[Loading MPS to PDF converter (version 2006.09.02).]
\scratchcounter=\count125
\scratchdimen=\dimen133
\scratchbox=\box34
\nofMPsegments=\count126
\nofMParguments=\count127
\everyMPshowfont=\toks23
\MPscratchCnt=\count128
\MPscratchDim=\dimen134
\MPnumerator=\count129
\makeMPintoPDFobject=\count130
\everyMPtoPDFconversion=\toks24
)
\AtBeginShipoutBox=\box35

("C:\Users\eozba\AppData\Local\Programs\MiKTeX 2.9\tex\latex\oberdiek\pdflscape
.sty"
Package: pdflscape 2016/05/14 v0.11 Display of landscape pages in PDF (HO)

("C:\Users\eozba\AppData\Local\Programs\MiKTeX 2.9\tex\latex\graphics\lscape.st
y"
Package: lscape 2000/10/22 v3.01 Landscape Pages (DPC)
)
Package pdflscape Info: Auto-detected driver: pdftex on input line 81.

("C:\Users\eozba\AppData\Local\Programs\MiKTeX 2.9\tex\generic\ifxetex\ifxetex.
sty"
Package: ifxetex 2010/09/12 v0.6 Provides ifxetex conditional
))
\c@lstlisting=\count131
Package caption Info: Begin \AtBeginDocument code.
Package caption Info: End \AtBeginDocument code.
 (TeX/titlepage.tex
<ESM_files/header_ESM_EN.pdf, id=1, 578.16pt x 142.5325pt>
File: ESM_files/header_ESM_EN.pdf Graphic file (type pdf)
<use ESM_files/header_ESM_EN.pdf>
Package pdftex.def Info: ESM_files/header_ESM_EN.pdf  used on input line 43.
(pdftex.def)             Requested size: 455.24408pt x 112.22969pt.
LaTeX Font Info:    Try loading font information for T1+phv on input line 43.

("C:\Users\eozba\AppData\Local\Programs\MiKTeX 2.9\tex\latex\psnfss\t1phv.fd"
File: t1phv.fd 2001/06/04 scalable font definitions for T1/phv.
)
LaTeX Font Info:    Font shape `T1/phv/m/it' in size <14> not available
(Font)              Font shape `T1/phv/m/sl' tried instead on input line 43.
LaTeX Font Info:    External font `cmex10' loaded for size
(Font)              <12> on input line 43.
LaTeX Font Info:    External font `cmex10' loaded for size
(Font)              <8> on input line 43.
LaTeX Font Info:    External font `cmex10' loaded for size
(Font)              <6> on input line 43.

[1{C:/Users/eozba/AppData/Local/MiKTeX/2.9/pdftex/config/pdftex.map} <./ESM_fil
es/header_ESM_EN.pdf>]) (TeX/abstract.tex
LaTeX Font Info:    Font shape `T1/ptm/bx/n' in size <17> not available
(Font)              Font shape `T1/ptm/b/n' tried instead on input line 1.
) [1


] (TeX/independence.tex)
Overfull \vbox (7.855pt too high) has occurred while \output is active []

 [2]
(XXX_Thesis.toc
LaTeX Font Info:    Font shape `T1/ptm/bx/n' in size <12> not available
(Font)              Font shape `T1/ptm/b/n' tried instead on input line 2.
 [1

])
\tf@toc=\write4
\openout4 = `XXX_Thesis.toc'.


Overfull \vbox (1.855pt too high) has occurred while \output is active []

 [2]
(TeX/introduction.tex
Chapter\  1. Introduction
) [1


] (TeX/firststeps.tex
Overfull \vbox (1.855pt too high) has occurred while \output is active []

 [2]
Chapter\  2. Preparation
LaTeX Font Info:    Font shape `T1/ptm/bx/n' in size <14> not available
(Font)              Font shape `T1/ptm/b/n' tried instead on input line 4.
[3

]
Chapter\  3. Putting Into Practice
[4

]
Overfull \vbox (1.855pt too high) has occurred while \output is active []

 [5]
Overfull \vbox (1.855pt too high) has occurred while \output is active []

 [6]
Overfull \vbox (1.855pt too high) has occurred while \output is active []

 [7]
Overfull \vbox (1.855pt too high) has occurred while \output is active []

 [8]
Overfull \vbox (1.855pt too high) has occurred while \output is active []

 [9]
Overfull \vbox (1.855pt too high) has occurred while \output is active []

 [10]
Overfull \vbox (1.855pt too high) has occurred while \output is active []

 [11]
Chapter\  4. Results
<Pics/1.png, id=97, 399.4122pt x 200.4288pt>
File: Pics/1.png Graphic file (type png)
<use Pics/1.png>
Package pdftex.def Info: Pics/1.png  used on input line 82.
(pdftex.def)             Requested size: 455.24408pt x 228.44838pt.
LaTeX Font Info:    Font shape `T1/ptm/bx/it' in size <12> not available
(Font)              Font shape `T1/ptm/b/it' tried instead on input line 83.
<Pics/2.png, id=99, 399.4122pt x 199.947pt>
File: Pics/2.png Graphic file (type png)
<use Pics/2.png>
Package pdftex.def Info: Pics/2.png  used on input line 85.
(pdftex.def)             Requested size: 455.24408pt x 227.89922pt.
[12

]
Overfull \vbox (1.855pt too high) has occurred while \output is active []

 [13 <./Pics/1.png> <./Pics/2.png>]
<Pics/3.png, id=109, 399.4122pt x 199.947pt>
File: Pics/3.png Graphic file (type png)
<use Pics/3.png>
Package pdftex.def Info: Pics/3.png  used on input line 95.
(pdftex.def)             Requested size: 455.24408pt x 227.89922pt.
<Pics/4.png, id=110, 399.4122pt x 206.2104pt>
File: Pics/4.png Graphic file (type png)
<use Pics/4.png>
Package pdftex.def Info: Pics/4.png  used on input line 98.
(pdftex.def)             Requested size: 455.24408pt x 235.03822pt.
) (TeX/challenges.tex
Overfull \vbox (1.855pt too high) has occurred while \output is active []

 [14 <./Pics/3.png> <./Pics/4.png>]
Chapter\  5. Challenges
[15

]
Overfull \vbox (1.855pt too high) has occurred while \output is active []

 [16])
(TeX/outlook.tex
Overfull \vbox (1.855pt too high) has occurred while \output is active []

 [17]
Chapter\  6. Outlook

Overfull \hbox (3.72751pt too wide) in paragraph at lines 9--9
\T1/ptm/m/n/12 ever, the data will de-pend on en-vi-ron-men-tal el-e-ments -esp
ecially from hu-mid-ity and temperature-
 []

[18

])
Overfull \vbox (1.855pt too high) has occurred while \output is active []

 [19]
Overfull \vbox (1.855pt too high) has occurred while \output is active []

 [20

]
(TeX/appendix.tex
\  A. Figures
<Pics/8.png, id=136, 807.7678pt x 493.0922pt>
File: Pics/8.png Graphic file (type png)
<use Pics/8.png>
Package pdftex.def Info: Pics/8.png  used on input line 6.
(pdftex.def)             Requested size: 455.24408pt x 277.89787pt.
<Pics/5.pdf, id=137, page=1, 845.1575pt x 597.23125pt>
File: Pics/5.pdf Graphic file (type pdf)
<use Pics/5.pdf, page 1>
Package pdftex.def Info: Pics/5.pdf , page1 used on input line 10.
(pdftex.def)             Requested size: 455.24408pt x 321.70723pt.
<Pics/6.png, id=138, 820.56563pt x 488.57532pt>
File: Pics/6.png Graphic file (type png)
<use Pics/6.png>
Package pdftex.def Info: Pics/6.png  used on input line 34.
(pdftex.def)             Requested size: 455.24408pt x 271.05814pt.
<Pics/7.jpg, id=139, 2276.505pt x 3541.23pt>
File: Pics/7.jpg Graphic file (type jpg)
<use Pics/7.jpg>
Package pdftex.def Info: Pics/7.jpg  used on input line 38.
(pdftex.def)             Requested size: 227.62204pt x 354.03568pt.

LaTeX Warning: Float too large for page by 11.91814pt on input line 45.

[21


]
Overfull \vbox (1.855pt too high) has occurred while \output is active []

 [22 <./Pics/8.png> <./Pics/5.pdf, page is rotated 90 degrees>]
Overfull \vbox (1.855pt too high) has occurred while \output is active []

 [23 <./Pics/6.png> <./Pics/7.jpg>]
\  B. Source Code
LaTeX Font Info:    Try loading font information for T1+pcr on input line 50.
("C:\Users\eozba\AppData\Local\Programs\MiKTeX 2.9\tex\latex\psnfss\t1pcr.fd"
File: t1pcr.fd 2001/06/04 font definitions for T1/pcr.
)
[24

]) (XXX_Thesis.bbl
Overfull \vbox (1.855pt too high) has occurred while \output is active []

 [25])
[26

] (XXX_Thesis.aux) )
(\end occurred when \iffalse on line 1 was incomplete) 
Here is how much of TeX's memory you used:
 6590 strings out of 492972
 99603 string characters out of 3126622
 402312 words of memory out of 3000000
 10279 multiletter control sequences out of 15000+200000
 45101 words of font info for 52 fonts, out of 3000000 for 9000
 1141 hyphenation exceptions out of 8191
 49i,9n,42p,1982b,1749s stack positions out of 5000i,500n,10000p,200000b,50000s
{C:/Users/eozba/AppData/L
ocal/Programs/MiKTeX 2.9/fonts/enc/dvips/base/8r.enc}<C:/Users/eozba/AppData/Lo
cal/Programs/MiKTeX 2.9/fonts/type1/public/amsfonts/cm/cmmi12.pfb><C:/Users/eoz
ba/AppData/Local/Programs/MiKTeX 2.9/fonts/type1/public/amsfonts/cm/cmmi8.pfb><
C:/Users/eozba/AppData/Local/Programs/MiKTeX 2.9/fonts/type1/public/amsfonts/cm
/cmr12.pfb><C:/Users/eozba/AppData/Local/Programs/MiKTeX 2.9/fonts/type1/public
/amsfonts/cm/cmr8.pfb><C:/Users/eozba/AppData/Local/Programs/MiKTeX 2.9/fonts/t
ype1/public/amsfonts/cm/cmsy10.pfb><C:/Users/eozba/AppData/Local/Programs/MiKTe
X 2.9/fonts/type1/urw/courier/ucrr8a.pfb><C:/Users/eozba/AppData/Local/Programs
/MiKTeX 2.9/fonts/type1/urw/helvetic/uhvr8a.pfb><C:/Users/eozba/AppData/Local/P
rograms/MiKTeX 2.9/fonts/type1/urw/helvetic/uhvro8a.pfb><C:/Users/eozba/AppData
/Local/Programs/MiKTeX 2.9/fonts/type1/urw/times/utmb8a.pfb><C:/Users/eozba/App
Data/Local/Programs/MiKTeX 2.9/fonts/type1/urw/times/utmbi8a.pfb><C:/Users/eozb
a/AppData/Local/Programs/MiKTeX 2.9/fonts/type1/urw/times/utmr8a.pfb><C:/Users/
eozba/AppData/Local/Programs/MiKTeX 2.9/fonts/type1/urw/times/utmri8a.pfb>
Output written on XXX_Thesis.pdf (31 pages, 2245353 bytes).
PDF statistics:
 216 PDF objects out of 1000 (max. 8388607)
 0 named destinations out of 1000 (max. 500000)
 46 words of extra memory for PDF output out of 10000 (max. 10000000)

